<?xml version="1.0" encoding="UTF-8"?>
<testng-results ignored="0" total="1" passed="1" failed="0" skipped="0">
  <reporter-output>
  </reporter-output>
  <suite started-at="2022-08-10T17:41:59 IST" name="Default suite" finished-at="2022-08-10T17:42:00 IST" duration-ms="1596">
    <groups>
    </groups>
    <test started-at="2022-08-10T17:41:59 IST" name="Default test" finished-at="2022-08-10T17:42:00 IST" duration-ms="1596">
      <class name="com.task.scenariosTest.FetchText_FromAnImageTest">
        <test-method signature="fetchText()[pri:0, instance:com.task.scenariosTest.FetchText_FromAnImageTest@4ebff610]" started-at="2022-08-10T17:41:59 IST" name="fetchText" finished-at="2022-08-10T17:42:00 IST" duration-ms="1507" status="PASS">
          <reporter-output>
          </reporter-output>
        </test-method> <!-- fetchText -->
      </class> <!-- com.task.scenariosTest.FetchText_FromAnImageTest -->
    </test> <!-- Default test -->
  </suite> <!-- Default suite -->
</testng-results>
